# JRE version: OpenJDK Runtime Environment (25.0.2+10) (build 25.0.2+10-Ubuntu-124.04)
# Java VM: OpenJDK 64-Bit Server VM (25.0.2+10-Ubuntu-124.04, mixed mode, sharing, tiered, compressed oops, compressed class ptrs, g1 gc, linux-amd64)
GC Precious Log:
 CardTable entry size: 512
 Card Set container configuration: InlinePtr #cards 4 size 8 Array Of Cards #cards 64 size 144 Howl #buckets 8 coarsen threshold 14745 Howl Bitmap #cards 2048 size 272 coarsen threshold 1843 Card regions per heap region 1 cards per card region 16384
 CPUs: 16 total, 16 available
 Memory: 63720M
 Large Page Support: Disabled
 NUMA Support: Disabled
 Compressed Oops: Enabled (Zero based)
 Heap Region Size: 8M
 Heap Min Capacity: 8M
 Heap Initial Capacity: 1000M
 Heap Max Capacity: 15936M
 Pre-touch: Disabled
 Parallel Workers: 13
 Concurrent Workers: 3
 Concurrent Refinement Workers: 13
 Periodic GC: Disabled
Heap:
 garbage-first heap   total reserved 16318464K, committed 40960K, used 10584K [0x000000041c000000, 0x0000000800000000)
  region size 8192K, 2 young (16384K), 1 survivors (8192K)
GC Heap Usage History (20 events):
Event: 148,820 {heap Before GC invocations=16 (full 2):
 garbage-first heap   total reserved 16318464K, committed 32768K, used 18561K [0x000000041c000000, 0x0000000800000000)
  region size 8192K, 2 young (16384K), 1 survivors (8192K)
}
Event: 148,824 {heap After GC invocations=17 (full 2):
 garbage-first heap   total reserved 16318464K, committed 32768K, used 10566K [0x000000041c000000, 0x0000000800000000)
  region size 8192K, 1 young (8192K), 1 survivors (8192K)
}
Event: 161,555 {heap Before GC invocations=17 (full 2):
 garbage-first heap   total reserved 16318464K, committed 32768K, used 18758K [0x000000041c000000, 0x0000000800000000)
  region size 8192K, 2 young (16384K), 1 survivors (8192K)
}
Event: 161,558 {heap After GC invocations=18 (full 2):
 garbage-first heap   total reserved 16318464K, committed 32768K, used 10548K [0x000000041c000000, 0x0000000800000000)
  region size 8192K, 1 young (8192K), 1 survivors (8192K)
}
Event: 175,208 {heap Before GC invocations=18 (full 2):
 garbage-first heap   total reserved 16318464K, committed 32768K, used 18740K [0x000000041c000000, 0x0000000800000000)
  region size 8192K, 2 young (16384K), 1 survivors (8192K)
}
Event: 175,212 {heap After GC invocations=19 (full 2):
 garbage-first heap   total reserved 16318464K, committed 32768K, used 10579K [0x000000041c000000, 0x0000000800000000)
  region size 8192K, 1 young (8192K), 1 survivors (8192K)
}
Event: 189,523 {heap Before GC invocations=19 (full 2):
 garbage-first heap   total reserved 16318464K, committed 32768K, used 18771K [0x000000041c000000, 0x0000000800000000)
  region size 8192K, 2 young (16384K), 1 survivors (8192K)
}
Event: 189,527 {heap After GC invocations=20 (full 2):
 garbage-first heap   total reserved 16318464K, committed 32768K, used 10580K [0x000000041c000000, 0x0000000800000000)
  region size 8192K, 1 young (8192K), 1 survivors (8192K)
}
Event: 203,695 {heap Before GC invocations=20 (full 2):
 garbage-first heap   total reserved 16318464K, committed 32768K, used 18772K [0x000000041c000000, 0x0000000800000000)
  region size 8192K, 2 young (16384K), 1 survivors (8192K)
}
Event: 203,699 {heap After GC invocations=21 (full 2):
 garbage-first heap   total reserved 16318464K, committed 32768K, used 10634K [0x000000041c000000, 0x0000000800000000)
  region size 8192K, 1 young (8192K), 1 survivors (8192K)
}
Event: 217,592 {heap Before GC invocations=21 (full 2):
 garbage-first heap   total reserved 16318464K, committed 32768K, used 18826K [0x000000041c000000, 0x0000000800000000)
  region size 8192K, 2 young (16384K), 1 survivors (8192K)
}
Event: 217,596 {heap After GC invocations=22 (full 2):
 garbage-first heap   total reserved 16318464K, committed 40960K, used 10551K [0x000000041c000000, 0x0000000800000000)
  region size 8192K, 1 young (8192K), 1 survivors (8192K)
}
Event: 231,895 {heap Before GC invocations=22 (full 2):
 garbage-first heap   total reserved 16318464K, committed 40960K, used 18743K [0x000000041c000000, 0x0000000800000000)
  region size 8192K, 2 young (16384K), 1 survivors (8192K)
}
Event: 231,898 {heap After GC invocations=23 (full 2):
 garbage-first heap   total reserved 16318464K, committed 40960K, used 10580K [0x000000041c000000, 0x0000000800000000)
  region size 8192K, 1 young (8192K), 1 survivors (8192K)
}
Event: 246,326 {heap Before GC invocations=23 (full 2):
 garbage-first heap   total reserved 16318464K, committed 40960K, used 18772K [0x000000041c000000, 0x0000000800000000)
  region size 8192K, 2 young (16384K), 1 survivors (8192K)
}
Event: 246,327 {heap After GC invocations=24 (full 2):
 garbage-first heap   total reserved 16318464K, committed 40960K, used 10677K [0x000000041c000000, 0x0000000800000000)
  region size 8192K, 1 young (8192K), 1 survivors (8192K)
}
Event: 262,388 {heap Before GC invocations=24 (full 2):
 garbage-first heap   total reserved 16318464K, committed 40960K, used 18869K [0x000000041c000000, 0x0000000800000000)
  region size 8192K, 2 young (16384K), 1 survivors (8192K)
}
Event: 262,389 {heap After GC invocations=25 (full 2):
 garbage-first heap   total reserved 16318464K, committed 40960K, used 10642K [0x000000041c000000, 0x0000000800000000)
  region size 8192K, 1 young (8192K), 1 survivors (8192K)
}
Event: 278,670 {heap Before GC invocations=25 (full 2):
 garbage-first heap   total reserved 16318464K, committed 40960K, used 18834K [0x000000041c000000, 0x0000000800000000)
  region size 8192K, 2 young (16384K), 1 survivors (8192K)
}
Event: 278,672 {heap After GC invocations=26 (full 2):
 garbage-first heap   total reserved 16318464K, committed 40960K, used 10584K [0x000000041c000000, 0x0000000800000000)
  region size 8192K, 1 young (8192K), 1 survivors (8192K)
}

